<?xml version="1.0" encoding="UTF-8"?>
<testng-results ignored="0" total="1" passed="1" failed="0" skipped="0">
  <reporter-output>
    <line>
      <![CDATA[Reporter running]]>
    </line>
  </reporter-output>
  <suite started-at="2023-11-15T11:30:57 IST" name="Default suite" finished-at="2023-11-15T11:30:57 IST" duration-ms="53">
    <groups>
    </groups>
    <test started-at="2023-11-15T11:30:57 IST" name="Default test" finished-at="2023-11-15T11:30:57 IST" duration-ms="53">
      <class name="organization.orgTests">
        <test-method signature="test1()[pri:0, instance:organization.orgTests@ea6147e]" started-at="2023-11-15T11:30:57 IST" name="test1" finished-at="2023-11-15T11:30:57 IST" duration-ms="9" status="PASS">
          <reporter-output>
            <line>
              <![CDATA[Reporter running]]>
            </line>
          </reporter-output>
        </test-method> <!-- test1 -->
      </class> <!-- organization.orgTests -->
    </test> <!-- Default test -->
  </suite> <!-- Default suite -->
</testng-results>
